


ARM Macro Assembler    Page 1 


    1 00000000         #line   1                "..\\BlueNRG-1_2 DK 3.2.3\\Libr
ary\\hal\\src\\context_switch.s"
    1 00000000         #line   1                "..\\BlueNRG-1_2 DK 3.2.3\\Libr
ary\\hal\\src\\../inc/asm.h"
    1 00000000         
    2 00000000         
    3 00000000         
    4 00000000         
    5 00000000         
    6 00000000         
    7 00000000         
    8 00000000         
    9 00000000         
   10 00000000         
   11 00000000         
   12 00000000         
   13 00000000         
   14 00000000         
   15 00000000         
   16 00000000         
   17 00000000         
   18 00000000         
   19 00000000         
   20 00000000         #line   69               "..\\BlueNRG-1_2 DK 3.2.3\\Libr
ary\\hal\\src\\../inc/asm.h"
   69 00000000         
   70 00000000         
   71 00000000         
   72 00000000         
   73 00000000         
   74 00000000         
   75 00000000         
   76 00000000         
   77 00000000         #line   2                "..\\BlueNRG-1_2 DK 3.2.3\\Libr
ary\\hal\\src\\context_switch.s"
    2 00000000         
    3 00000000         
    4 00000000         
    5 00000000         
    6 00000000         
    7 00000000         
    8 00000000         
    9 00000000         
   10 00000000         
   11 00000000         
   12 00000000         
   13 00000000         
   14 00000000         
   15 00000000         
   16 00000000                 AREA             |. text|, CODE, READONLY
   17 00000000         
   18 00000000                 EXPORT           CS_contextSave
   19 00000000                 EXPORT           CS_contextRestore
   20 00000000                 IMPORT           savedMSP
   21 00000000                 IMPORT           savedICSR
   22 00000000                 IMPORT           savedSHCSR
   23 00000000                 IMPORT           savedNVIC_ISPR
   24 00000000         CS_contextSave
                               PROC



ARM Macro Assembler    Page 2 


   25 00000000 F3EF 8214       MRS              R2, CONTROL
   26 00000004 F3EF 8109       MRS              R1, PSP
   27 00000008 481D            LDR              R0, =0
   28 0000000A F380 8814       MSR              CONTROL, R0
   29 0000000E F3BF 8F6F       ISB
   30 00000012         
   31 00000012 B091            SUB              SP, #0x44
   32 00000014         
   33 00000014         
   34 00000014         
   35 00000014         
   36 00000014 B5F0            PUSH             { r4 - r7, lr }
   37 00000016 4643            MOV              R3, R8
   38 00000018 464C            MOV              R4, R9
   39 0000001A 4655            MOV              R5, R10
   40 0000001C 465E            MOV              R6, R11
   41 0000001E 4667            MOV              R7, R12
   42 00000020 B4F8            PUSH             {R3-R7}
   43 00000022         
   44 00000022 4C18            LDR              R4, =savedMSP
   45 00000024 F3EF 8308       MRS              R3, MSP
   46 00000028 6023            STR              R3, [R4]
   47 0000002A         
   48 0000002A B406            PUSH             { r1, r2 }
   49 0000002C         
   50 0000002C 4C16            LDR              R4, =0xE000ED04
   51 0000002E 6820            LDR              R0, [R4]
   52 00000030 4C16            LDR              R4, =savedICSR
   53 00000032 6020            STR              R0, [R4]
   54 00000034         
   55 00000034 4C16            LDR              R4, =0xE000ED24
   56 00000036 6820            LDR              R0, [R4]
   57 00000038 4C16            LDR              R4, =savedSHCSR
   58 0000003A 6020            STR              R0, [R4]
   59 0000003C         
   60 0000003C 4C16            LDR              R4, =0xE000E200
   61 0000003E 6820            LDR              R0, [R4]
   62 00000040 4C16            LDR              R4, =savedNVIC_ISPR
   63 00000042 6020            STR              R0, [R4]
   64 00000044         
   65 00000044 4C16            LDR              R4, =0x40200008
   66 00000046 6827            LDR              R7, [R4]
   67 00000048 2000            MOVS             R0, #0
   68 0000004A 6020            STR              R0, [R4]
   69 0000004C         
   70 0000004C F3BF 8F4F       DSB
   71 00000050 BF30            WFI
   72 00000052         
   73 00000052 6027            STR              R7, [R4]
   74 00000054         
   75 00000054                 ENDP
   76 00000054         CS_contextRestore
                               PROC
   77 00000054         
   78 00000054         
   79 00000054         
   80 00000054         
   81 00000054 4C0B            LDR              R4, =savedMSP
   82 00000056 6824            LDR              R4, [R4]



ARM Macro Assembler    Page 3 


   83 00000058 F384 8808       MSR              MSP, R4
   84 0000005C         
   85 0000005C B082            SUB              SP, #0x8
   86 0000005E BC03            POP              { R0, R1 }
   87 00000060         
   88 00000060 BCF8            POP              { R3-R7 }
   89 00000062 4698            MOV              R8, R3
   90 00000064 46A1            MOV              R9, R4
   91 00000066 46AA            MOV              R10, R5
   92 00000068 46B3            MOV              R11, R6
   93 0000006A 46BC            MOV              R12, R7
   94 0000006C BCF0            POP              { R4 - R7 }
   95 0000006E BC04            POP              { R2 }
   96 00000070         
   97 00000070 B011            ADD              SP, #0x44
   98 00000072         
   99 00000072         
  100 00000072 F380 8809       MSR              PSP, R0
  101 00000076 F381 8814       MSR              CONTROL , R1
  102 0000007A F3BF 8F6F       ISB
  103 0000007E         
  104 0000007E 4710            BX               R2
  105 00000080         
  106 00000080                 ENDP
  107 00000080         
  108 00000080                 ALIGN            4
  109 00000080                 END
              00000000 
              00000000 
              E000ED04 
              00000000 
              E000ED24 
              00000000 
              E000E200 
              00000000 
              40200008 
Command Line: --debug --xref --cpreproc --diag_suppress=9931 --cpu=Cortex-M0+ -
-apcs=interwork --depend=.\steval-idb007v1m\release\objects\context_switch.d -o
.\steval-idb007v1m\release\objects\context_switch.o --predefine="__MICROLIB SET
A 1" --predefine="__UVISION_VERSION SETA 539" --cpreproc_opts=-DCONTEXT_SAVE_V2
 --list=.\steval-idb007v1m\release\listings\context_switch.lst "..\BlueNRG-1_2 
DK 3.2.3\Library\hal\src\context_switch.s"



ARM Macro Assembler    Page 1 Alphabetic symbol ordering
Relocatable symbols

. text 00000000

Symbol: . text
   Definitions
      At line 16 in file ..\\BlueNRG-1_2
   Uses
      None
Comment: . text unused
CS_contextRestore 00000054

Symbol: CS_contextRestore
   Definitions
      At line 76 in file ..\\BlueNRG-1_2
   Uses
      At line 19 in file ..\\BlueNRG-1_2
Comment: CS_contextRestore used once
CS_contextSave 00000000

Symbol: CS_contextSave
   Definitions
      At line 24 in file ..\\BlueNRG-1_2
   Uses
      At line 18 in file ..\\BlueNRG-1_2
Comment: CS_contextSave used once
3 symbols



ARM Macro Assembler    Page 1 Alphabetic symbol ordering
External symbols

savedICSR 00000000

Symbol: savedICSR
   Definitions
      At line 21 in file ..\\BlueNRG-1_2
   Uses
      At line 52 in file ..\\BlueNRG-1_2
Comment: savedICSR used once
savedMSP 00000000

Symbol: savedMSP
   Definitions
      At line 20 in file ..\\BlueNRG-1_2
   Uses
      At line 44 in file ..\\BlueNRG-1_2
      At line 81 in file ..\\BlueNRG-1_2

savedNVIC_ISPR 00000000

Symbol: savedNVIC_ISPR
   Definitions
      At line 23 in file ..\\BlueNRG-1_2
   Uses
      At line 62 in file ..\\BlueNRG-1_2
Comment: savedNVIC_ISPR used once
savedSHCSR 00000000

Symbol: savedSHCSR
   Definitions
      At line 22 in file ..\\BlueNRG-1_2
   Uses
      At line 57 in file ..\\BlueNRG-1_2
Comment: savedSHCSR used once
4 symbols
341 symbols in table
